<?xml version="1.0" encoding="UTF-8"?>
<robot generator="Robot 6.1.1 (Python 3.12.0 on win32)" generated="20231122 15:46:41.077" rpa="false" schemaversion="4">
<suite id="s1" name="Preenchimento Correto" source="c:\Users\erika\Desktop\curso-robot\testes\preenchimento_correto.robot">
<test id="s1-t1" name="Verificar se ao preencher os campos do formulário corretamente os dados são inseridos na lista e se um novo card é criado no time esperado" line="7">
<kw name="Dado que eu acesse o Organo" library="setup_teardown" type="SETUP">
<kw name="Open Browser" library="SeleniumLibrary">
<arg>url=http://localhost:3000/</arg>
<arg>browser=Chrome</arg>
<doc>Opens a new browser instance to the optional ``url``.</doc>
<msg timestamp="20231122 15:46:42.478" level="INFO">Opening browser 'Chrome' to base url 'http://localhost:3000/'.</msg>
<status status="PASS" starttime="20231122 15:46:42.477" endtime="20231122 15:46:47.538"/>
</kw>
<status status="PASS" starttime="20231122 15:46:42.476" endtime="20231122 15:46:47.539"/>
</kw>
<kw name="Dado que preencha os campos do formulário" library="cadastro">
<kw name="First Name" library="FakerLibrary">
<var>${Nome}</var>
<msg timestamp="20231122 15:46:47.550" level="INFO">${Nome} = Sophie</msg>
<status status="PASS" starttime="20231122 15:46:47.546" endtime="20231122 15:46:47.553"/>
</kw>
<kw name="Input Text" library="SeleniumLibrary">
<arg>${CAMPO_NOME}</arg>
<arg>${Nome}</arg>
<doc>Types the given ``text`` into the text field identified by ``locator``.</doc>
<msg timestamp="20231122 15:46:47.558" level="INFO">Typing text 'Sophie' into text field 'id:form-nome'.</msg>
<status status="PASS" starttime="20231122 15:46:47.554" endtime="20231122 15:46:48.021"/>
</kw>
<kw name="Job" library="FakerLibrary">
<var>${Cargo}</var>
<msg timestamp="20231122 15:46:48.024" level="INFO">${Cargo} = Empregado doméstico</msg>
<status status="PASS" starttime="20231122 15:46:48.022" endtime="20231122 15:46:48.024"/>
</kw>
<kw name="Input Text" library="SeleniumLibrary">
<arg>${CAMPO_CARGO}</arg>
<arg>${Cargo}</arg>
<doc>Types the given ``text`` into the text field identified by ``locator``.</doc>
<msg timestamp="20231122 15:46:48.028" level="INFO">Typing text 'Empregado doméstico' into text field 'id:form-cargo'.</msg>
<status status="PASS" starttime="20231122 15:46:48.025" endtime="20231122 15:46:48.430"/>
</kw>
<kw name="Image Url" library="FakerLibrary">
<var>${Imagem}</var>
<arg>width=100</arg>
<arg>height=100</arg>
<doc>Returns URL to placeholder image
Example: http://placehold.it/640x480</doc>
<msg timestamp="20231122 15:46:48.435" level="INFO">${Imagem} = https://picsum.photos/100/100</msg>
<status status="PASS" starttime="20231122 15:46:48.431" endtime="20231122 15:46:48.435"/>
</kw>
<kw name="Input Text" library="SeleniumLibrary">
<arg>${CAMPO_IMAGEM}</arg>
<arg>${Imagem}</arg>
<doc>Types the given ``text`` into the text field identified by ``locator``.</doc>
<msg timestamp="20231122 15:46:48.436" level="INFO">Typing text 'https://picsum.photos/100/100' into text field 'id:form-imagem'.</msg>
<status status="PASS" starttime="20231122 15:46:48.435" endtime="20231122 15:46:48.847"/>
</kw>
<kw name="Click Element" library="SeleniumLibrary">
<arg>${CAMPO_TIME}</arg>
<doc>Click the element identified by ``locator``.</doc>
<msg timestamp="20231122 15:46:48.849" level="INFO">Clicking element 'class:lista-suspensa'.</msg>
<status status="PASS" starttime="20231122 15:46:48.847" endtime="20231122 15:46:49.065"/>
</kw>
<kw name="Click Element" library="SeleniumLibrary">
<arg>${selecionar_times}[0]</arg>
<doc>Click the element identified by ``locator``.</doc>
<msg timestamp="20231122 15:46:49.068" level="INFO">Clicking element '//option[contains(.,'Programação')]'.</msg>
<status status="PASS" starttime="20231122 15:46:49.066" endtime="20231122 15:46:49.267"/>
</kw>
<status status="PASS" starttime="20231122 15:46:47.545" endtime="20231122 15:46:49.268"/>
</kw>
<kw name="E clique no botão criar card" library="cadastro">
<kw name="Click Element" library="SeleniumLibrary">
<arg>${BOTAO_CARD}</arg>
<doc>Click the element identified by ``locator``.</doc>
<msg timestamp="20231122 15:46:49.274" level="INFO">Clicking element 'id:form-botao'.</msg>
<status status="PASS" starttime="20231122 15:46:49.270" endtime="20231122 15:46:49.461"/>
</kw>
<status status="PASS" starttime="20231122 15:46:49.269" endtime="20231122 15:46:49.462"/>
</kw>
<kw name="Então identificar o card no time esperado" library="cadastro">
<kw name="Element Should Be Visible" library="SeleniumLibrary">
<arg>class:colaborador</arg>
<doc>Verifies that the element identified by ``locator`` is visible.</doc>
<msg timestamp="20231122 15:46:49.544" level="INFO">Element 'class:colaborador' is displayed.</msg>
<status status="PASS" starttime="20231122 15:46:49.465" endtime="20231122 15:46:49.544"/>
</kw>
<status status="PASS" starttime="20231122 15:46:49.464" endtime="20231122 15:46:49.544"/>
</kw>
<kw name="Fechar o navegador" library="setup_teardown" type="TEARDOWN">
<kw name="Close Browser" library="SeleniumLibrary">
<doc>Closes the current browser.</doc>
<status status="PASS" starttime="20231122 15:46:49.548" endtime="20231122 15:46:52.243"/>
</kw>
<status status="PASS" starttime="20231122 15:46:49.545" endtime="20231122 15:46:52.244"/>
</kw>
<status status="PASS" starttime="20231122 15:46:42.472" endtime="20231122 15:46:52.244"/>
</test>
<test id="s1-t2" name="Verificar se é possível criar mais de um card se preenchermos os campos corretamente" line="12">
<kw name="Dado que eu acesse o Organo" library="setup_teardown" type="SETUP">
<kw name="Open Browser" library="SeleniumLibrary">
<arg>url=http://localhost:3000/</arg>
<arg>browser=Chrome</arg>
<doc>Opens a new browser instance to the optional ``url``.</doc>
<msg timestamp="20231122 15:46:52.250" level="INFO">Opening browser 'Chrome' to base url 'http://localhost:3000/'.</msg>
<status status="PASS" starttime="20231122 15:46:52.249" endtime="20231122 15:46:56.916"/>
</kw>
<status status="PASS" starttime="20231122 15:46:52.248" endtime="20231122 15:46:56.917"/>
</kw>
<kw name="Dado que preencha os campos do formulário" library="cadastro">
<kw name="First Name" library="FakerLibrary">
<var>${Nome}</var>
<msg timestamp="20231122 15:46:56.921" level="INFO">${Nome} = Emilly</msg>
<status status="PASS" starttime="20231122 15:46:56.920" endtime="20231122 15:46:56.922"/>
</kw>
<kw name="Input Text" library="SeleniumLibrary">
<arg>${CAMPO_NOME}</arg>
<arg>${Nome}</arg>
<doc>Types the given ``text`` into the text field identified by ``locator``.</doc>
<msg timestamp="20231122 15:46:56.928" level="INFO">Typing text 'Emilly' into text field 'id:form-nome'.</msg>
<status status="PASS" starttime="20231122 15:46:56.923" endtime="20231122 15:46:57.396"/>
</kw>
<kw name="Job" library="FakerLibrary">
<var>${Cargo}</var>
<msg timestamp="20231122 15:46:57.398" level="INFO">${Cargo} = Comprador</msg>
<status status="PASS" starttime="20231122 15:46:57.396" endtime="20231122 15:46:57.399"/>
</kw>
<kw name="Input Text" library="SeleniumLibrary">
<arg>${CAMPO_CARGO}</arg>
<arg>${Cargo}</arg>
<doc>Types the given ``text`` into the text field identified by ``locator``.</doc>
<msg timestamp="20231122 15:46:57.401" level="INFO">Typing text 'Comprador' into text field 'id:form-cargo'.</msg>
<status status="PASS" starttime="20231122 15:46:57.400" endtime="20231122 15:46:57.795"/>
</kw>
<kw name="Image Url" library="FakerLibrary">
<var>${Imagem}</var>
<arg>width=100</arg>
<arg>height=100</arg>
<doc>Returns URL to placeholder image
Example: http://placehold.it/640x480</doc>
<msg timestamp="20231122 15:46:57.801" level="INFO">${Imagem} = https://dummyimage.com/100x100</msg>
<status status="PASS" starttime="20231122 15:46:57.797" endtime="20231122 15:46:57.801"/>
</kw>
<kw name="Input Text" library="SeleniumLibrary">
<arg>${CAMPO_IMAGEM}</arg>
<arg>${Imagem}</arg>
<doc>Types the given ``text`` into the text field identified by ``locator``.</doc>
<msg timestamp="20231122 15:46:57.803" level="INFO">Typing text 'https://dummyimage.com/100x100' into text field 'id:form-imagem'.</msg>
<status status="PASS" starttime="20231122 15:46:57.802" endtime="20231122 15:46:58.284"/>
</kw>
<kw name="Click Element" library="SeleniumLibrary">
<arg>${CAMPO_TIME}</arg>
<doc>Click the element identified by ``locator``.</doc>
<msg timestamp="20231122 15:46:58.286" level="INFO">Clicking element 'class:lista-suspensa'.</msg>
<status status="PASS" starttime="20231122 15:46:58.285" endtime="20231122 15:46:58.483"/>
</kw>
<kw name="Click Element" library="SeleniumLibrary">
<arg>${selecionar_times}[0]</arg>
<doc>Click the element identified by ``locator``.</doc>
<msg timestamp="20231122 15:46:58.485" level="INFO">Clicking element '//option[contains(.,'Programação')]'.</msg>
<status status="PASS" starttime="20231122 15:46:58.483" endtime="20231122 15:46:58.619"/>
</kw>
<status status="PASS" starttime="20231122 15:46:56.918" endtime="20231122 15:46:58.621"/>
</kw>
<kw name="E clique no botão criar card" library="cadastro">
<kw name="Click Element" library="SeleniumLibrary">
<arg>${BOTAO_CARD}</arg>
<doc>Click the element identified by ``locator``.</doc>
<msg timestamp="20231122 15:46:58.632" level="INFO">Clicking element 'id:form-botao'.</msg>
<status status="PASS" starttime="20231122 15:46:58.629" endtime="20231122 15:46:58.851"/>
</kw>
<status status="PASS" starttime="20231122 15:46:58.628" endtime="20231122 15:46:58.852"/>
</kw>
<kw name="Então identificar 3 cards no time esperado" library="cadastro">
<for flavor="IN RANGE">
<var>${i}</var>
<value>1</value>
<value>3</value>
<iter>
<var name="${i}">1</var>
<kw name="Dado que preencha os campos do formulário" library="cadastro">
<kw name="First Name" library="FakerLibrary">
<var>${Nome}</var>
<msg timestamp="20231122 15:46:58.862" level="INFO">${Nome} = João Felipe</msg>
<status status="PASS" starttime="20231122 15:46:58.861" endtime="20231122 15:46:58.864"/>
</kw>
<kw name="Input Text" library="SeleniumLibrary">
<arg>${CAMPO_NOME}</arg>
<arg>${Nome}</arg>
<doc>Types the given ``text`` into the text field identified by ``locator``.</doc>
<msg timestamp="20231122 15:46:58.868" level="INFO">Typing text 'João Felipe' into text field 'id:form-nome'.</msg>
<status status="PASS" starttime="20231122 15:46:58.865" endtime="20231122 15:46:59.204"/>
</kw>
<kw name="Job" library="FakerLibrary">
<var>${Cargo}</var>
<msg timestamp="20231122 15:46:59.207" level="INFO">${Cargo} = Eletricista de automóveis</msg>
<status status="PASS" starttime="20231122 15:46:59.205" endtime="20231122 15:46:59.207"/>
</kw>
<kw name="Input Text" library="SeleniumLibrary">
<arg>${CAMPO_CARGO}</arg>
<arg>${Cargo}</arg>
<doc>Types the given ``text`` into the text field identified by ``locator``.</doc>
<msg timestamp="20231122 15:46:59.208" level="INFO">Typing text 'Eletricista de automóveis' into text field 'id:form-cargo'.</msg>
<status status="PASS" starttime="20231122 15:46:59.208" endtime="20231122 15:46:59.617"/>
</kw>
<kw name="Image Url" library="FakerLibrary">
<var>${Imagem}</var>
<arg>width=100</arg>
<arg>height=100</arg>
<doc>Returns URL to placeholder image
Example: http://placehold.it/640x480</doc>
<msg timestamp="20231122 15:46:59.621" level="INFO">${Imagem} = https://placekitten.com/100/100</msg>
<status status="PASS" starttime="20231122 15:46:59.618" endtime="20231122 15:46:59.622"/>
</kw>
<kw name="Input Text" library="SeleniumLibrary">
<arg>${CAMPO_IMAGEM}</arg>
<arg>${Imagem}</arg>
<doc>Types the given ``text`` into the text field identified by ``locator``.</doc>
<msg timestamp="20231122 15:46:59.627" level="INFO">Typing text 'https://placekitten.com/100/100' into text field 'id:form-imagem'.</msg>
<status status="PASS" starttime="20231122 15:46:59.624" endtime="20231122 15:47:00.068"/>
</kw>
<kw name="Click Element" library="SeleniumLibrary">
<arg>${CAMPO_TIME}</arg>
<doc>Click the element identified by ``locator``.</doc>
<msg timestamp="20231122 15:47:00.074" level="INFO">Clicking element 'class:lista-suspensa'.</msg>
<status status="PASS" starttime="20231122 15:47:00.070" endtime="20231122 15:47:00.278"/>
</kw>
<kw name="Click Element" library="SeleniumLibrary">
<arg>${selecionar_times}[0]</arg>
<doc>Click the element identified by ``locator``.</doc>
<msg timestamp="20231122 15:47:00.286" level="INFO">Clicking element '//option[contains(.,'Programação')]'.</msg>
<status status="PASS" starttime="20231122 15:47:00.283" endtime="20231122 15:47:00.376"/>
</kw>
<status status="PASS" starttime="20231122 15:46:58.860" endtime="20231122 15:47:00.377"/>
</kw>
<kw name="E clique no botão criar card" library="cadastro">
<kw name="Click Element" library="SeleniumLibrary">
<arg>${BOTAO_CARD}</arg>
<doc>Click the element identified by ``locator``.</doc>
<msg timestamp="20231122 15:47:00.382" level="INFO">Clicking element 'id:form-botao'.</msg>
<status status="PASS" starttime="20231122 15:47:00.378" endtime="20231122 15:47:00.519"/>
</kw>
<status status="PASS" starttime="20231122 15:47:00.378" endtime="20231122 15:47:00.519"/>
</kw>
<status status="PASS" starttime="20231122 15:46:58.857" endtime="20231122 15:47:00.520"/>
</iter>
<iter>
<var name="${i}">2</var>
<kw name="Dado que preencha os campos do formulário" library="cadastro">
<kw name="First Name" library="FakerLibrary">
<var>${Nome}</var>
<msg timestamp="20231122 15:47:00.525" level="INFO">${Nome} = Heitor</msg>
<status status="PASS" starttime="20231122 15:47:00.523" endtime="20231122 15:47:00.526"/>
</kw>
<kw name="Input Text" library="SeleniumLibrary">
<arg>${CAMPO_NOME}</arg>
<arg>${Nome}</arg>
<doc>Types the given ``text`` into the text field identified by ``locator``.</doc>
<msg timestamp="20231122 15:47:00.529" level="INFO">Typing text 'Heitor' into text field 'id:form-nome'.</msg>
<status status="PASS" starttime="20231122 15:47:00.526" endtime="20231122 15:47:00.761"/>
</kw>
<kw name="Job" library="FakerLibrary">
<var>${Cargo}</var>
<msg timestamp="20231122 15:47:00.764" level="INFO">${Cargo} = Arqueólogo</msg>
<status status="PASS" starttime="20231122 15:47:00.762" endtime="20231122 15:47:00.764"/>
</kw>
<kw name="Input Text" library="SeleniumLibrary">
<arg>${CAMPO_CARGO}</arg>
<arg>${Cargo}</arg>
<doc>Types the given ``text`` into the text field identified by ``locator``.</doc>
<msg timestamp="20231122 15:47:00.766" level="INFO">Typing text 'Arqueólogo' into text field 'id:form-cargo'.</msg>
<status status="PASS" starttime="20231122 15:47:00.765" endtime="20231122 15:47:01.017"/>
</kw>
<kw name="Image Url" library="FakerLibrary">
<var>${Imagem}</var>
<arg>width=100</arg>
<arg>height=100</arg>
<doc>Returns URL to placeholder image
Example: http://placehold.it/640x480</doc>
<msg timestamp="20231122 15:47:01.022" level="INFO">${Imagem} = https://placekitten.com/100/100</msg>
<status status="PASS" starttime="20231122 15:47:01.018" endtime="20231122 15:47:01.023"/>
</kw>
<kw name="Input Text" library="SeleniumLibrary">
<arg>${CAMPO_IMAGEM}</arg>
<arg>${Imagem}</arg>
<doc>Types the given ``text`` into the text field identified by ``locator``.</doc>
<msg timestamp="20231122 15:47:01.026" level="INFO">Typing text 'https://placekitten.com/100/100' into text field 'id:form-imagem'.</msg>
<status status="PASS" starttime="20231122 15:47:01.023" endtime="20231122 15:47:01.465"/>
</kw>
<kw name="Click Element" library="SeleniumLibrary">
<arg>${CAMPO_TIME}</arg>
<doc>Click the element identified by ``locator``.</doc>
<msg timestamp="20231122 15:47:01.468" level="INFO">Clicking element 'class:lista-suspensa'.</msg>
<status status="PASS" starttime="20231122 15:47:01.467" endtime="20231122 15:47:01.596"/>
</kw>
<kw name="Click Element" library="SeleniumLibrary">
<arg>${selecionar_times}[0]</arg>
<doc>Click the element identified by ``locator``.</doc>
<msg timestamp="20231122 15:47:01.598" level="INFO">Clicking element '//option[contains(.,'Programação')]'.</msg>
<status status="PASS" starttime="20231122 15:47:01.597" endtime="20231122 15:47:01.682"/>
</kw>
<status status="PASS" starttime="20231122 15:47:00.522" endtime="20231122 15:47:01.683"/>
</kw>
<kw name="E clique no botão criar card" library="cadastro">
<kw name="Click Element" library="SeleniumLibrary">
<arg>${BOTAO_CARD}</arg>
<doc>Click the element identified by ``locator``.</doc>
<msg timestamp="20231122 15:47:01.689" level="INFO">Clicking element 'id:form-botao'.</msg>
<status status="PASS" starttime="20231122 15:47:01.686" endtime="20231122 15:47:01.801"/>
</kw>
<status status="PASS" starttime="20231122 15:47:01.684" endtime="20231122 15:47:01.801"/>
</kw>
<status status="PASS" starttime="20231122 15:47:00.521" endtime="20231122 15:47:01.801"/>
</iter>
<status status="PASS" starttime="20231122 15:46:58.854" endtime="20231122 15:47:01.802"/>
</for>
<kw name="Sleep" library="BuiltIn">
<arg>10s</arg>
<doc>Pauses the test executed for the given time.</doc>
<msg timestamp="20231122 15:47:11.810" level="INFO">Slept 10 seconds</msg>
<status status="PASS" starttime="20231122 15:47:01.804" endtime="20231122 15:47:11.811"/>
</kw>
<status status="PASS" starttime="20231122 15:46:58.853" endtime="20231122 15:47:11.812"/>
</kw>
<kw name="Fechar o navegador" library="setup_teardown" type="TEARDOWN">
<kw name="Close Browser" library="SeleniumLibrary">
<doc>Closes the current browser.</doc>
<status status="PASS" starttime="20231122 15:47:11.816" endtime="20231122 15:47:14.448"/>
</kw>
<status status="PASS" starttime="20231122 15:47:11.814" endtime="20231122 15:47:14.449"/>
</kw>
<status status="PASS" starttime="20231122 15:46:52.246" endtime="20231122 15:47:14.450"/>
</test>
<test id="s1-t3" name="Verificar se é possível criar um card para cada time disponível se preenchermos os campos corretamente" line="17">
<kw name="Dado que eu acesse o Organo" library="setup_teardown" type="SETUP">
<kw name="Open Browser" library="SeleniumLibrary">
<arg>url=http://localhost:3000/</arg>
<arg>browser=Chrome</arg>
<doc>Opens a new browser instance to the optional ``url``.</doc>
<msg timestamp="20231122 15:47:14.468" level="INFO">Opening browser 'Chrome' to base url 'http://localhost:3000/'.</msg>
<status status="PASS" starttime="20231122 15:47:14.467" endtime="20231122 15:47:20.233"/>
</kw>
<status status="PASS" starttime="20231122 15:47:14.465" endtime="20231122 15:47:20.234"/>
</kw>
<kw name="Dado que preencha os campos do formulário" library="cadastro">
<kw name="First Name" library="FakerLibrary">
<var>${Nome}</var>
<msg timestamp="20231122 15:47:20.248" level="INFO">${Nome} = Brenda</msg>
<status status="PASS" starttime="20231122 15:47:20.246" endtime="20231122 15:47:20.248"/>
</kw>
<kw name="Input Text" library="SeleniumLibrary">
<arg>${CAMPO_NOME}</arg>
<arg>${Nome}</arg>
<doc>Types the given ``text`` into the text field identified by ``locator``.</doc>
<msg timestamp="20231122 15:47:20.252" level="INFO">Typing text 'Brenda' into text field 'id:form-nome'.</msg>
<status status="PASS" starttime="20231122 15:47:20.249" endtime="20231122 15:47:20.643"/>
</kw>
<kw name="Job" library="FakerLibrary">
<var>${Cargo}</var>
<msg timestamp="20231122 15:47:20.643" level="INFO">${Cargo} = Capitão</msg>
<status status="PASS" starttime="20231122 15:47:20.643" endtime="20231122 15:47:20.649"/>
</kw>
<kw name="Input Text" library="SeleniumLibrary">
<arg>${CAMPO_CARGO}</arg>
<arg>${Cargo}</arg>
<doc>Types the given ``text`` into the text field identified by ``locator``.</doc>
<msg timestamp="20231122 15:47:20.650" level="INFO">Typing text 'Capitão' into text field 'id:form-cargo'.</msg>
<status status="PASS" starttime="20231122 15:47:20.650" endtime="20231122 15:47:21.074"/>
</kw>
<kw name="Image Url" library="FakerLibrary">
<var>${Imagem}</var>
<arg>width=100</arg>
<arg>height=100</arg>
<doc>Returns URL to placeholder image
Example: http://placehold.it/640x480</doc>
<msg timestamp="20231122 15:47:21.084" level="INFO">${Imagem} = https://picsum.photos/100/100</msg>
<status status="PASS" starttime="20231122 15:47:21.080" endtime="20231122 15:47:21.085"/>
</kw>
<kw name="Input Text" library="SeleniumLibrary">
<arg>${CAMPO_IMAGEM}</arg>
<arg>${Imagem}</arg>
<doc>Types the given ``text`` into the text field identified by ``locator``.</doc>
<msg timestamp="20231122 15:47:21.088" level="INFO">Typing text 'https://picsum.photos/100/100' into text field 'id:form-imagem'.</msg>
<status status="PASS" starttime="20231122 15:47:21.085" endtime="20231122 15:47:21.679"/>
</kw>
<kw name="Click Element" library="SeleniumLibrary">
<arg>${CAMPO_TIME}</arg>
<doc>Click the element identified by ``locator``.</doc>
<msg timestamp="20231122 15:47:21.682" level="INFO">Clicking element 'class:lista-suspensa'.</msg>
<status status="PASS" starttime="20231122 15:47:21.679" endtime="20231122 15:47:21.969"/>
</kw>
<kw name="Click Element" library="SeleniumLibrary">
<arg>${selecionar_times}[0]</arg>
<doc>Click the element identified by ``locator``.</doc>
<msg timestamp="20231122 15:47:21.972" level="INFO">Clicking element '//option[contains(.,'Programação')]'.</msg>
<status status="PASS" starttime="20231122 15:47:21.970" endtime="20231122 15:47:22.216"/>
</kw>
<status status="PASS" starttime="20231122 15:47:20.243" endtime="20231122 15:47:22.216"/>
</kw>
<kw name="Então criar e identificar 1 card em casa time disponível" library="cadastro">
<for flavor="IN ENUMERATE">
<var>${indice}</var>
<var>${time}</var>
<value>@{selecionar_times}</value>
<iter>
<var name="${indice}">0</var>
<var name="${time}">//option[contains(.,'Programação')]</var>
<kw name="Dado que preencha os campos do formulário" library="cadastro">
<kw name="First Name" library="FakerLibrary">
<var>${Nome}</var>
<msg timestamp="20231122 15:47:22.236" level="INFO">${Nome} = Pietra</msg>
<status status="PASS" starttime="20231122 15:47:22.235" endtime="20231122 15:47:22.237"/>
</kw>
<kw name="Input Text" library="SeleniumLibrary">
<arg>${CAMPO_NOME}</arg>
<arg>${Nome}</arg>
<doc>Types the given ``text`` into the text field identified by ``locator``.</doc>
<msg timestamp="20231122 15:47:22.244" level="INFO">Typing text 'Pietra' into text field 'id:form-nome'.</msg>
<status status="PASS" starttime="20231122 15:47:22.239" endtime="20231122 15:47:22.808"/>
</kw>
<kw name="Job" library="FakerLibrary">
<var>${Cargo}</var>
<msg timestamp="20231122 15:47:22.810" level="INFO">${Cargo} = Governador</msg>
<status status="PASS" starttime="20231122 15:47:22.809" endtime="20231122 15:47:22.810"/>
</kw>
<kw name="Input Text" library="SeleniumLibrary">
<arg>${CAMPO_CARGO}</arg>
<arg>${Cargo}</arg>
<doc>Types the given ``text`` into the text field identified by ``locator``.</doc>
<msg timestamp="20231122 15:47:22.815" level="INFO">Typing text 'Governador' into text field 'id:form-cargo'.</msg>
<status status="PASS" starttime="20231122 15:47:22.813" endtime="20231122 15:47:23.319"/>
</kw>
<kw name="Image Url" library="FakerLibrary">
<var>${Imagem}</var>
<arg>width=100</arg>
<arg>height=100</arg>
<doc>Returns URL to placeholder image
Example: http://placehold.it/640x480</doc>
<msg timestamp="20231122 15:47:23.326" level="INFO">${Imagem} = https://picsum.photos/100/100</msg>
<status status="PASS" starttime="20231122 15:47:23.320" endtime="20231122 15:47:23.327"/>
</kw>
<kw name="Input Text" library="SeleniumLibrary">
<arg>${CAMPO_IMAGEM}</arg>
<arg>${Imagem}</arg>
<doc>Types the given ``text`` into the text field identified by ``locator``.</doc>
<msg timestamp="20231122 15:47:23.329" level="INFO">Typing text 'https://picsum.photos/100/100' into text field 'id:form-imagem'.</msg>
<status status="PASS" starttime="20231122 15:47:23.328" endtime="20231122 15:47:23.760"/>
</kw>
<kw name="Click Element" library="SeleniumLibrary">
<arg>${CAMPO_TIME}</arg>
<doc>Click the element identified by ``locator``.</doc>
<msg timestamp="20231122 15:47:23.763" level="INFO">Clicking element 'class:lista-suspensa'.</msg>
<status status="PASS" starttime="20231122 15:47:23.760" endtime="20231122 15:47:23.983"/>
</kw>
<kw name="Click Element" library="SeleniumLibrary">
<arg>${selecionar_times}[0]</arg>
<doc>Click the element identified by ``locator``.</doc>
<msg timestamp="20231122 15:47:23.991" level="INFO">Clicking element '//option[contains(.,'Programação')]'.</msg>
<status status="PASS" starttime="20231122 15:47:23.985" endtime="20231122 15:47:24.144"/>
</kw>
<status status="PASS" starttime="20231122 15:47:22.232" endtime="20231122 15:47:24.145"/>
</kw>
<kw name="Click Element" library="SeleniumLibrary">
<arg>${time}</arg>
<doc>Click the element identified by ``locator``.</doc>
<msg timestamp="20231122 15:47:24.147" level="INFO">Clicking element '//option[contains(.,'Programação')]'.</msg>
<status status="PASS" starttime="20231122 15:47:24.145" endtime="20231122 15:47:24.242"/>
</kw>
<kw name="E clique no botão criar card" library="cadastro">
<kw name="Click Element" library="SeleniumLibrary">
<arg>${BOTAO_CARD}</arg>
<doc>Click the element identified by ``locator``.</doc>
<msg timestamp="20231122 15:47:24.247" level="INFO">Clicking element 'id:form-botao'.</msg>
<status status="PASS" starttime="20231122 15:47:24.244" endtime="20231122 15:47:24.471"/>
</kw>
<status status="PASS" starttime="20231122 15:47:24.242" endtime="20231122 15:47:24.474"/>
</kw>
<status status="PASS" starttime="20231122 15:47:22.229" endtime="20231122 15:47:24.475"/>
</iter>
<iter>
<var name="${indice}">1</var>
<var name="${time}">//option[contains(.,'Front-End')]</var>
<kw name="Dado que preencha os campos do formulário" library="cadastro">
<kw name="First Name" library="FakerLibrary">
<var>${Nome}</var>
<msg timestamp="20231122 15:47:24.481" level="INFO">${Nome} = Luiz Otávio</msg>
<status status="PASS" starttime="20231122 15:47:24.480" endtime="20231122 15:47:24.481"/>
</kw>
<kw name="Input Text" library="SeleniumLibrary">
<arg>${CAMPO_NOME}</arg>
<arg>${Nome}</arg>
<doc>Types the given ``text`` into the text field identified by ``locator``.</doc>
<msg timestamp="20231122 15:47:24.483" level="INFO">Typing text 'Luiz Otávio' into text field 'id:form-nome'.</msg>
<status status="PASS" starttime="20231122 15:47:24.482" endtime="20231122 15:47:24.864"/>
</kw>
<kw name="Job" library="FakerLibrary">
<var>${Cargo}</var>
<msg timestamp="20231122 15:47:24.866" level="INFO">${Cargo} = Dogueiro</msg>
<status status="PASS" starttime="20231122 15:47:24.865" endtime="20231122 15:47:24.866"/>
</kw>
<kw name="Input Text" library="SeleniumLibrary">
<arg>${CAMPO_CARGO}</arg>
<arg>${Cargo}</arg>
<doc>Types the given ``text`` into the text field identified by ``locator``.</doc>
<msg timestamp="20231122 15:47:24.869" level="INFO">Typing text 'Dogueiro' into text field 'id:form-cargo'.</msg>
<status status="PASS" starttime="20231122 15:47:24.867" endtime="20231122 15:47:25.437"/>
</kw>
<kw name="Image Url" library="FakerLibrary">
<var>${Imagem}</var>
<arg>width=100</arg>
<arg>height=100</arg>
<doc>Returns URL to placeholder image
Example: http://placehold.it/640x480</doc>
<msg timestamp="20231122 15:47:25.443" level="INFO">${Imagem} = https://dummyimage.com/100x100</msg>
<status status="PASS" starttime="20231122 15:47:25.438" endtime="20231122 15:47:25.444"/>
</kw>
<kw name="Input Text" library="SeleniumLibrary">
<arg>${CAMPO_IMAGEM}</arg>
<arg>${Imagem}</arg>
<doc>Types the given ``text`` into the text field identified by ``locator``.</doc>
<msg timestamp="20231122 15:47:25.447" level="INFO">Typing text 'https://dummyimage.com/100x100' into text field 'id:form-imagem'.</msg>
<status status="PASS" starttime="20231122 15:47:25.446" endtime="20231122 15:47:25.824"/>
</kw>
<kw name="Click Element" library="SeleniumLibrary">
<arg>${CAMPO_TIME}</arg>
<doc>Click the element identified by ``locator``.</doc>
<msg timestamp="20231122 15:47:25.827" level="INFO">Clicking element 'class:lista-suspensa'.</msg>
<status status="PASS" starttime="20231122 15:47:25.825" endtime="20231122 15:47:26.043"/>
</kw>
<kw name="Click Element" library="SeleniumLibrary">
<arg>${selecionar_times}[0]</arg>
<doc>Click the element identified by ``locator``.</doc>
<msg timestamp="20231122 15:47:26.046" level="INFO">Clicking element '//option[contains(.,'Programação')]'.</msg>
<status status="PASS" starttime="20231122 15:47:26.043" endtime="20231122 15:47:26.147"/>
</kw>
<status status="PASS" starttime="20231122 15:47:24.478" endtime="20231122 15:47:26.148"/>
</kw>
<kw name="Click Element" library="SeleniumLibrary">
<arg>${time}</arg>
<doc>Click the element identified by ``locator``.</doc>
<msg timestamp="20231122 15:47:26.152" level="INFO">Clicking element '//option[contains(.,'Front-End')]'.</msg>
<status status="PASS" starttime="20231122 15:47:26.149" endtime="20231122 15:47:26.264"/>
</kw>
<kw name="E clique no botão criar card" library="cadastro">
<kw name="Click Element" library="SeleniumLibrary">
<arg>${BOTAO_CARD}</arg>
<doc>Click the element identified by ``locator``.</doc>
<msg timestamp="20231122 15:47:26.268" level="INFO">Clicking element 'id:form-botao'.</msg>
<status status="PASS" starttime="20231122 15:47:26.266" endtime="20231122 15:47:26.480"/>
</kw>
<status status="PASS" starttime="20231122 15:47:26.264" endtime="20231122 15:47:26.481"/>
</kw>
<status status="PASS" starttime="20231122 15:47:24.477" endtime="20231122 15:47:26.481"/>
</iter>
<iter>
<var name="${indice}">2</var>
<var name="${time}">//option[contains(.,'Data Science')]</var>
<kw name="Dado que preencha os campos do formulário" library="cadastro">
<kw name="First Name" library="FakerLibrary">
<var>${Nome}</var>
<msg timestamp="20231122 15:47:26.486" level="INFO">${Nome} = Raul</msg>
<status status="PASS" starttime="20231122 15:47:26.483" endtime="20231122 15:47:26.487"/>
</kw>
<kw name="Input Text" library="SeleniumLibrary">
<arg>${CAMPO_NOME}</arg>
<arg>${Nome}</arg>
<doc>Types the given ``text`` into the text field identified by ``locator``.</doc>
<msg timestamp="20231122 15:47:26.491" level="INFO">Typing text 'Raul' into text field 'id:form-nome'.</msg>
<status status="PASS" starttime="20231122 15:47:26.488" endtime="20231122 15:47:26.850"/>
</kw>
<kw name="Job" library="FakerLibrary">
<var>${Cargo}</var>
<msg timestamp="20231122 15:47:26.852" level="INFO">${Cargo} = Endocrinologista</msg>
<status status="PASS" starttime="20231122 15:47:26.851" endtime="20231122 15:47:26.853"/>
</kw>
<kw name="Input Text" library="SeleniumLibrary">
<arg>${CAMPO_CARGO}</arg>
<arg>${Cargo}</arg>
<doc>Types the given ``text`` into the text field identified by ``locator``.</doc>
<msg timestamp="20231122 15:47:26.855" level="INFO">Typing text 'Endocrinologista' into text field 'id:form-cargo'.</msg>
<status status="PASS" starttime="20231122 15:47:26.853" endtime="20231122 15:47:27.216"/>
</kw>
<kw name="Image Url" library="FakerLibrary">
<var>${Imagem}</var>
<arg>width=100</arg>
<arg>height=100</arg>
<doc>Returns URL to placeholder image
Example: http://placehold.it/640x480</doc>
<msg timestamp="20231122 15:47:27.220" level="INFO">${Imagem} = https://picsum.photos/100/100</msg>
<status status="PASS" starttime="20231122 15:47:27.217" endtime="20231122 15:47:27.221"/>
</kw>
<kw name="Input Text" library="SeleniumLibrary">
<arg>${CAMPO_IMAGEM}</arg>
<arg>${Imagem}</arg>
<doc>Types the given ``text`` into the text field identified by ``locator``.</doc>
<msg timestamp="20231122 15:47:27.224" level="INFO">Typing text 'https://picsum.photos/100/100' into text field 'id:form-imagem'.</msg>
<status status="PASS" starttime="20231122 15:47:27.221" endtime="20231122 15:47:27.617"/>
</kw>
<kw name="Click Element" library="SeleniumLibrary">
<arg>${CAMPO_TIME}</arg>
<doc>Click the element identified by ``locator``.</doc>
<msg timestamp="20231122 15:47:27.620" level="INFO">Clicking element 'class:lista-suspensa'.</msg>
<status status="PASS" starttime="20231122 15:47:27.618" endtime="20231122 15:47:27.765"/>
</kw>
<kw name="Click Element" library="SeleniumLibrary">
<arg>${selecionar_times}[0]</arg>
<doc>Click the element identified by ``locator``.</doc>
<msg timestamp="20231122 15:47:27.767" level="INFO">Clicking element '//option[contains(.,'Programação')]'.</msg>
<status status="PASS" starttime="20231122 15:47:27.765" endtime="20231122 15:47:27.848"/>
</kw>
<status status="PASS" starttime="20231122 15:47:26.483" endtime="20231122 15:47:27.850"/>
</kw>
<kw name="Click Element" library="SeleniumLibrary">
<arg>${time}</arg>
<doc>Click the element identified by ``locator``.</doc>
<msg timestamp="20231122 15:47:27.854" level="INFO">Clicking element '//option[contains(.,'Data Science')]'.</msg>
<status status="PASS" starttime="20231122 15:47:27.851" endtime="20231122 15:47:27.967"/>
</kw>
<kw name="E clique no botão criar card" library="cadastro">
<kw name="Click Element" library="SeleniumLibrary">
<arg>${BOTAO_CARD}</arg>
<doc>Click the element identified by ``locator``.</doc>
<msg timestamp="20231122 15:47:27.973" level="INFO">Clicking element 'id:form-botao'.</msg>
<status status="PASS" starttime="20231122 15:47:27.970" endtime="20231122 15:47:28.167"/>
</kw>
<status status="PASS" starttime="20231122 15:47:27.969" endtime="20231122 15:47:28.168"/>
</kw>
<status status="PASS" starttime="20231122 15:47:26.481" endtime="20231122 15:47:28.169"/>
</iter>
<iter>
<var name="${indice}">3</var>
<var name="${time}">//option[contains(.,'Devops')]</var>
<kw name="Dado que preencha os campos do formulário" library="cadastro">
<kw name="First Name" library="FakerLibrary">
<var>${Nome}</var>
<msg timestamp="20231122 15:47:28.175" level="INFO">${Nome} = Maria Clara</msg>
<status status="PASS" starttime="20231122 15:47:28.172" endtime="20231122 15:47:28.176"/>
</kw>
<kw name="Input Text" library="SeleniumLibrary">
<arg>${CAMPO_NOME}</arg>
<arg>${Nome}</arg>
<doc>Types the given ``text`` into the text field identified by ``locator``.</doc>
<msg timestamp="20231122 15:47:28.179" level="INFO">Typing text 'Maria Clara' into text field 'id:form-nome'.</msg>
<status status="PASS" starttime="20231122 15:47:28.177" endtime="20231122 15:47:28.426"/>
</kw>
<kw name="Job" library="FakerLibrary">
<var>${Cargo}</var>
<msg timestamp="20231122 15:47:28.427" level="INFO">${Cargo} = Cortador de cana-de-açucar</msg>
<status status="PASS" starttime="20231122 15:47:28.426" endtime="20231122 15:47:28.427"/>
</kw>
<kw name="Input Text" library="SeleniumLibrary">
<arg>${CAMPO_CARGO}</arg>
<arg>${Cargo}</arg>
<doc>Types the given ``text`` into the text field identified by ``locator``.</doc>
<msg timestamp="20231122 15:47:28.428" level="INFO">Typing text 'Cortador de cana-de-açucar' into text field 'id:form-cargo'.</msg>
<status status="PASS" starttime="20231122 15:47:28.427" endtime="20231122 15:47:28.657"/>
</kw>
<kw name="Image Url" library="FakerLibrary">
<var>${Imagem}</var>
<arg>width=100</arg>
<arg>height=100</arg>
<doc>Returns URL to placeholder image
Example: http://placehold.it/640x480</doc>
<msg timestamp="20231122 15:47:28.660" level="INFO">${Imagem} = https://picsum.photos/100/100</msg>
<status status="PASS" starttime="20231122 15:47:28.658" endtime="20231122 15:47:28.660"/>
</kw>
<kw name="Input Text" library="SeleniumLibrary">
<arg>${CAMPO_IMAGEM}</arg>
<arg>${Imagem}</arg>
<doc>Types the given ``text`` into the text field identified by ``locator``.</doc>
<msg timestamp="20231122 15:47:28.661" level="INFO">Typing text 'https://picsum.photos/100/100' into text field 'id:form-imagem'.</msg>
<status status="PASS" starttime="20231122 15:47:28.660" endtime="20231122 15:47:28.884"/>
</kw>
<kw name="Click Element" library="SeleniumLibrary">
<arg>${CAMPO_TIME}</arg>
<doc>Click the element identified by ``locator``.</doc>
<msg timestamp="20231122 15:47:28.886" level="INFO">Clicking element 'class:lista-suspensa'.</msg>
<status status="PASS" starttime="20231122 15:47:28.885" endtime="20231122 15:47:28.988"/>
</kw>
<kw name="Click Element" library="SeleniumLibrary">
<arg>${selecionar_times}[0]</arg>
<doc>Click the element identified by ``locator``.</doc>
<msg timestamp="20231122 15:47:28.989" level="INFO">Clicking element '//option[contains(.,'Programação')]'.</msg>
<status status="PASS" starttime="20231122 15:47:28.988" endtime="20231122 15:47:29.113"/>
</kw>
<status status="PASS" starttime="20231122 15:47:28.171" endtime="20231122 15:47:29.115"/>
</kw>
<kw name="Click Element" library="SeleniumLibrary">
<arg>${time}</arg>
<doc>Click the element identified by ``locator``.</doc>
<msg timestamp="20231122 15:47:29.118" level="INFO">Clicking element '//option[contains(.,'Devops')]'.</msg>
<status status="PASS" starttime="20231122 15:47:29.116" endtime="20231122 15:47:29.192"/>
</kw>
<kw name="E clique no botão criar card" library="cadastro">
<kw name="Click Element" library="SeleniumLibrary">
<arg>${BOTAO_CARD}</arg>
<doc>Click the element identified by ``locator``.</doc>
<msg timestamp="20231122 15:47:29.195" level="INFO">Clicking element 'id:form-botao'.</msg>
<status status="PASS" starttime="20231122 15:47:29.194" endtime="20231122 15:47:29.298"/>
</kw>
<status status="PASS" starttime="20231122 15:47:29.193" endtime="20231122 15:47:29.299"/>
</kw>
<status status="PASS" starttime="20231122 15:47:28.170" endtime="20231122 15:47:29.299"/>
</iter>
<iter>
<var name="${indice}">4</var>
<var name="${time}">//option[contains(.,'UX e Design')]</var>
<kw name="Dado que preencha os campos do formulário" library="cadastro">
<kw name="First Name" library="FakerLibrary">
<var>${Nome}</var>
<msg timestamp="20231122 15:47:29.302" level="INFO">${Nome} = Ana Julia</msg>
<status status="PASS" starttime="20231122 15:47:29.302" endtime="20231122 15:47:29.303"/>
</kw>
<kw name="Input Text" library="SeleniumLibrary">
<arg>${CAMPO_NOME}</arg>
<arg>${Nome}</arg>
<doc>Types the given ``text`` into the text field identified by ``locator``.</doc>
<msg timestamp="20231122 15:47:29.306" level="INFO">Typing text 'Ana Julia' into text field 'id:form-nome'.</msg>
<status status="PASS" starttime="20231122 15:47:29.303" endtime="20231122 15:47:29.473"/>
</kw>
<kw name="Job" library="FakerLibrary">
<var>${Cargo}</var>
<msg timestamp="20231122 15:47:29.473" level="INFO">${Cargo} = Reumatologista</msg>
<status status="PASS" starttime="20231122 15:47:29.473" endtime="20231122 15:47:29.474"/>
</kw>
<kw name="Input Text" library="SeleniumLibrary">
<arg>${CAMPO_CARGO}</arg>
<arg>${Cargo}</arg>
<doc>Types the given ``text`` into the text field identified by ``locator``.</doc>
<msg timestamp="20231122 15:47:29.475" level="INFO">Typing text 'Reumatologista' into text field 'id:form-cargo'.</msg>
<status status="PASS" starttime="20231122 15:47:29.474" endtime="20231122 15:47:29.704"/>
</kw>
<kw name="Image Url" library="FakerLibrary">
<var>${Imagem}</var>
<arg>width=100</arg>
<arg>height=100</arg>
<doc>Returns URL to placeholder image
Example: http://placehold.it/640x480</doc>
<msg timestamp="20231122 15:47:29.709" level="INFO">${Imagem} = https://placekitten.com/100/100</msg>
<status status="PASS" starttime="20231122 15:47:29.706" endtime="20231122 15:47:29.709"/>
</kw>
<kw name="Input Text" library="SeleniumLibrary">
<arg>${CAMPO_IMAGEM}</arg>
<arg>${Imagem}</arg>
<doc>Types the given ``text`` into the text field identified by ``locator``.</doc>
<msg timestamp="20231122 15:47:29.712" level="INFO">Typing text 'https://placekitten.com/100/100' into text field 'id:form-imagem'.</msg>
<status status="PASS" starttime="20231122 15:47:29.710" endtime="20231122 15:47:30.008"/>
</kw>
<kw name="Click Element" library="SeleniumLibrary">
<arg>${CAMPO_TIME}</arg>
<doc>Click the element identified by ``locator``.</doc>
<msg timestamp="20231122 15:47:30.010" level="INFO">Clicking element 'class:lista-suspensa'.</msg>
<status status="PASS" starttime="20231122 15:47:30.009" endtime="20231122 15:47:30.120"/>
</kw>
<kw name="Click Element" library="SeleniumLibrary">
<arg>${selecionar_times}[0]</arg>
<doc>Click the element identified by ``locator``.</doc>
<msg timestamp="20231122 15:47:30.122" level="INFO">Clicking element '//option[contains(.,'Programação')]'.</msg>
<status status="PASS" starttime="20231122 15:47:30.121" endtime="20231122 15:47:30.187"/>
</kw>
<status status="PASS" starttime="20231122 15:47:29.301" endtime="20231122 15:47:30.189"/>
</kw>
<kw name="Click Element" library="SeleniumLibrary">
<arg>${time}</arg>
<doc>Click the element identified by ``locator``.</doc>
<msg timestamp="20231122 15:47:30.191" level="INFO">Clicking element '//option[contains(.,'UX e Design')]'.</msg>
<status status="PASS" starttime="20231122 15:47:30.189" endtime="20231122 15:47:30.254"/>
</kw>
<kw name="E clique no botão criar card" library="cadastro">
<kw name="Click Element" library="SeleniumLibrary">
<arg>${BOTAO_CARD}</arg>
<doc>Click the element identified by ``locator``.</doc>
<msg timestamp="20231122 15:47:30.257" level="INFO">Clicking element 'id:form-botao'.</msg>
<status status="PASS" starttime="20231122 15:47:30.255" endtime="20231122 15:47:30.370"/>
</kw>
<status status="PASS" starttime="20231122 15:47:30.254" endtime="20231122 15:47:30.370"/>
</kw>
<status status="PASS" starttime="20231122 15:47:29.300" endtime="20231122 15:47:30.371"/>
</iter>
<iter>
<var name="${indice}">5</var>
<var name="${time}">//option[contains(.,'Mobile')]</var>
<kw name="Dado que preencha os campos do formulário" library="cadastro">
<kw name="First Name" library="FakerLibrary">
<var>${Nome}</var>
<msg timestamp="20231122 15:47:30.374" level="INFO">${Nome} = Alícia</msg>
<status status="PASS" starttime="20231122 15:47:30.373" endtime="20231122 15:47:30.374"/>
</kw>
<kw name="Input Text" library="SeleniumLibrary">
<arg>${CAMPO_NOME}</arg>
<arg>${Nome}</arg>
<doc>Types the given ``text`` into the text field identified by ``locator``.</doc>
<msg timestamp="20231122 15:47:30.376" level="INFO">Typing text 'Alícia' into text field 'id:form-nome'.</msg>
<status status="PASS" starttime="20231122 15:47:30.375" endtime="20231122 15:47:30.563"/>
</kw>
<kw name="Job" library="FakerLibrary">
<var>${Cargo}</var>
<msg timestamp="20231122 15:47:30.564" level="INFO">${Cargo} = Carnavalesco</msg>
<status status="PASS" starttime="20231122 15:47:30.563" endtime="20231122 15:47:30.564"/>
</kw>
<kw name="Input Text" library="SeleniumLibrary">
<arg>${CAMPO_CARGO}</arg>
<arg>${Cargo}</arg>
<doc>Types the given ``text`` into the text field identified by ``locator``.</doc>
<msg timestamp="20231122 15:47:30.566" level="INFO">Typing text 'Carnavalesco' into text field 'id:form-cargo'.</msg>
<status status="PASS" starttime="20231122 15:47:30.565" endtime="20231122 15:47:30.757"/>
</kw>
<kw name="Image Url" library="FakerLibrary">
<var>${Imagem}</var>
<arg>width=100</arg>
<arg>height=100</arg>
<doc>Returns URL to placeholder image
Example: http://placehold.it/640x480</doc>
<msg timestamp="20231122 15:47:30.759" level="INFO">${Imagem} = https://placekitten.com/100/100</msg>
<status status="PASS" starttime="20231122 15:47:30.758" endtime="20231122 15:47:30.760"/>
</kw>
<kw name="Input Text" library="SeleniumLibrary">
<arg>${CAMPO_IMAGEM}</arg>
<arg>${Imagem}</arg>
<doc>Types the given ``text`` into the text field identified by ``locator``.</doc>
<msg timestamp="20231122 15:47:30.762" level="INFO">Typing text 'https://placekitten.com/100/100' into text field 'id:form-imagem'.</msg>
<status status="PASS" starttime="20231122 15:47:30.760" endtime="20231122 15:47:31.014"/>
</kw>
<kw name="Click Element" library="SeleniumLibrary">
<arg>${CAMPO_TIME}</arg>
<doc>Click the element identified by ``locator``.</doc>
<msg timestamp="20231122 15:47:31.016" level="INFO">Clicking element 'class:lista-suspensa'.</msg>
<status status="PASS" starttime="20231122 15:47:31.014" endtime="20231122 15:47:31.139"/>
</kw>
<kw name="Click Element" library="SeleniumLibrary">
<arg>${selecionar_times}[0]</arg>
<doc>Click the element identified by ``locator``.</doc>
<msg timestamp="20231122 15:47:31.141" level="INFO">Clicking element '//option[contains(.,'Programação')]'.</msg>
<status status="PASS" starttime="20231122 15:47:31.140" endtime="20231122 15:47:31.200"/>
</kw>
<status status="PASS" starttime="20231122 15:47:30.372" endtime="20231122 15:47:31.201"/>
</kw>
<kw name="Click Element" library="SeleniumLibrary">
<arg>${time}</arg>
<doc>Click the element identified by ``locator``.</doc>
<msg timestamp="20231122 15:47:31.204" level="INFO">Clicking element '//option[contains(.,'Mobile')]'.</msg>
<status status="PASS" starttime="20231122 15:47:31.202" endtime="20231122 15:47:31.272"/>
</kw>
<kw name="E clique no botão criar card" library="cadastro">
<kw name="Click Element" library="SeleniumLibrary">
<arg>${BOTAO_CARD}</arg>
<doc>Click the element identified by ``locator``.</doc>
<msg timestamp="20231122 15:47:31.275" level="INFO">Clicking element 'id:form-botao'.</msg>
<status status="PASS" starttime="20231122 15:47:31.274" endtime="20231122 15:47:31.377"/>
</kw>
<status status="PASS" starttime="20231122 15:47:31.273" endtime="20231122 15:47:31.378"/>
</kw>
<status status="PASS" starttime="20231122 15:47:30.371" endtime="20231122 15:47:31.378"/>
</iter>
<iter>
<var name="${indice}">6</var>
<var name="${time}">//option[contains(.,'Inovação')]</var>
<kw name="Dado que preencha os campos do formulário" library="cadastro">
<kw name="First Name" library="FakerLibrary">
<var>${Nome}</var>
<msg timestamp="20231122 15:47:31.380" level="INFO">${Nome} = Davi Lucca</msg>
<status status="PASS" starttime="20231122 15:47:31.380" endtime="20231122 15:47:31.381"/>
</kw>
<kw name="Input Text" library="SeleniumLibrary">
<arg>${CAMPO_NOME}</arg>
<arg>${Nome}</arg>
<doc>Types the given ``text`` into the text field identified by ``locator``.</doc>
<msg timestamp="20231122 15:47:31.382" level="INFO">Typing text 'Davi Lucca' into text field 'id:form-nome'.</msg>
<status status="PASS" starttime="20231122 15:47:31.381" endtime="20231122 15:47:31.620"/>
</kw>
<kw name="Job" library="FakerLibrary">
<var>${Cargo}</var>
<msg timestamp="20231122 15:47:31.621" level="INFO">${Cargo} = Tecnólogo em produção moveleira</msg>
<status status="PASS" starttime="20231122 15:47:31.621" endtime="20231122 15:47:31.622"/>
</kw>
<kw name="Input Text" library="SeleniumLibrary">
<arg>${CAMPO_CARGO}</arg>
<arg>${Cargo}</arg>
<doc>Types the given ``text`` into the text field identified by ``locator``.</doc>
<msg timestamp="20231122 15:47:31.623" level="INFO">Typing text 'Tecnólogo em produção moveleira' into text field 'id:form-cargo'.</msg>
<status status="PASS" starttime="20231122 15:47:31.622" endtime="20231122 15:47:31.839"/>
</kw>
<kw name="Image Url" library="FakerLibrary">
<var>${Imagem}</var>
<arg>width=100</arg>
<arg>height=100</arg>
<doc>Returns URL to placeholder image
Example: http://placehold.it/640x480</doc>
<msg timestamp="20231122 15:47:31.841" level="INFO">${Imagem} = https://placekitten.com/100/100</msg>
<status status="PASS" starttime="20231122 15:47:31.840" endtime="20231122 15:47:31.841"/>
</kw>
<kw name="Input Text" library="SeleniumLibrary">
<arg>${CAMPO_IMAGEM}</arg>
<arg>${Imagem}</arg>
<doc>Types the given ``text`` into the text field identified by ``locator``.</doc>
<msg timestamp="20231122 15:47:31.842" level="INFO">Typing text 'https://placekitten.com/100/100' into text field 'id:form-imagem'.</msg>
<status status="PASS" starttime="20231122 15:47:31.841" endtime="20231122 15:47:32.058"/>
</kw>
<kw name="Click Element" library="SeleniumLibrary">
<arg>${CAMPO_TIME}</arg>
<doc>Click the element identified by ``locator``.</doc>
<msg timestamp="20231122 15:47:32.060" level="INFO">Clicking element 'class:lista-suspensa'.</msg>
<status status="PASS" starttime="20231122 15:47:32.058" endtime="20231122 15:47:32.154"/>
</kw>
<kw name="Click Element" library="SeleniumLibrary">
<arg>${selecionar_times}[0]</arg>
<doc>Click the element identified by ``locator``.</doc>
<msg timestamp="20231122 15:47:32.157" level="INFO">Clicking element '//option[contains(.,'Programação')]'.</msg>
<status status="PASS" starttime="20231122 15:47:32.155" endtime="20231122 15:47:32.219"/>
</kw>
<status status="PASS" starttime="20231122 15:47:31.379" endtime="20231122 15:47:32.219"/>
</kw>
<kw name="Click Element" library="SeleniumLibrary">
<arg>${time}</arg>
<doc>Click the element identified by ``locator``.</doc>
<msg timestamp="20231122 15:47:32.224" level="INFO">Clicking element '//option[contains(.,'Inovação')]'.</msg>
<status status="PASS" starttime="20231122 15:47:32.220" endtime="20231122 15:47:32.283"/>
</kw>
<kw name="E clique no botão criar card" library="cadastro">
<kw name="Click Element" library="SeleniumLibrary">
<arg>${BOTAO_CARD}</arg>
<doc>Click the element identified by ``locator``.</doc>
<msg timestamp="20231122 15:47:32.285" level="INFO">Clicking element 'id:form-botao'.</msg>
<status status="PASS" starttime="20231122 15:47:32.284" endtime="20231122 15:47:32.401"/>
</kw>
<status status="PASS" starttime="20231122 15:47:32.284" endtime="20231122 15:47:32.401"/>
</kw>
<status status="PASS" starttime="20231122 15:47:31.378" endtime="20231122 15:47:32.401"/>
</iter>
<status status="PASS" starttime="20231122 15:47:22.226" endtime="20231122 15:47:32.402"/>
</for>
<kw name="Sleep" library="BuiltIn">
<arg>10s</arg>
<doc>Pauses the test executed for the given time.</doc>
<msg timestamp="20231122 15:47:42.404" level="INFO">Slept 10 seconds</msg>
<status status="PASS" starttime="20231122 15:47:32.402" endtime="20231122 15:47:42.404"/>
</kw>
<status status="PASS" starttime="20231122 15:47:22.224" endtime="20231122 15:47:42.405"/>
</kw>
<kw name="Fechar o navegador" library="setup_teardown" type="TEARDOWN">
<kw name="Close Browser" library="SeleniumLibrary">
<doc>Closes the current browser.</doc>
<status status="PASS" starttime="20231122 15:47:42.407" endtime="20231122 15:47:44.809"/>
</kw>
<status status="PASS" starttime="20231122 15:47:42.406" endtime="20231122 15:47:44.809"/>
</kw>
<status status="PASS" starttime="20231122 15:47:14.461" endtime="20231122 15:47:44.810"/>
</test>
<status status="PASS" starttime="20231122 15:46:41.092" endtime="20231122 15:47:44.817"/>
</suite>
<statistics>
<total>
<stat pass="3" fail="0" skip="0">All Tests</stat>
</total>
<tag>
</tag>
<suite>
<stat pass="3" fail="0" skip="0" id="s1" name="Preenchimento Correto">Preenchimento Correto</stat>
</suite>
</statistics>
<errors>
</errors>
</robot>
